build/app/outputs/mapping/release/mapping.txt
# compiler: R8
# compiler_version: 1.5.64
# min_api: 16
# pg_map_id: 14371e0
com.csform.flutter.katja.MainActivity -> com.csform.flutter.katja.MainActivity:
    void configureFlutterEngine(io.flutter.embedding.engine.FlutterEngine) -> a
...
io.flutter.embedding.engine.systemchannels.TextInputChannel$InputType -> io.flutter.embedding.engine.i.j$c:
    io.flutter.embedding.engine.systemchannels.TextInputChannel$TextInputType type -> a
    boolean isSigned -> b
    boolean isDecimal -> c
    io.flutter.embedding.engine.systemchannels.TextInputChannel$InputType fromJson(org.json.JSONObject) -> a
io.flutter.embedding.engine.systemchannels.TextInputChannel$TextCapitalization -> io.flutter.embedding.engine.i.j$d:
    io.flutter.embedding.engine.systemchannels.TextInputChannel$TextCapitalization CHARACTERS -> b
    io.flutter.embedding.engine.systemchannels.TextInputChannel$TextCapitalization WORDS -> c
    io.flutter.embedding.engine.systemchannels.TextInputChannel$TextCapitalization[] $VALUES -> f
    java.lang.String encodedName -> a
    io.flutter.embedding.engine.systemchannels.TextInputChannel$TextCapitalization SENTENCES -> d
    io.flutter.embedding.engine.systemchannels.TextInputChannel$TextCapitalization NONE -> e
    io.flutter.embedding.engine.systemchannels.TextInputChannel$TextCapitalization fromValue(java.lang.String) -> a
io.flutter.embedding.engine.systemchannels.TextInputChannel$TextEditState -> io.flutter.embedding.engine.i.j$e:
    java.lang.String text -> a
    int selectionStart -> b
    int selectionEnd -> c
    io.flutter.embedding.engine.systemchannels.TextInputChannel$TextEditState fromJson(org.json.JSONObject) -> a
io.flutter.embedding.engine.systemchannels.TextInputChannel$TextInputMethodHandler -> io.flutter.embedding.engine.i.j$f:
    void hide() -> a
    void setClient(int,io.flutter.embedding.engine.systemchannels.TextInputChannel$Configuration) -> a
    void setEditingState(io.flutter.embedding.engine.systemchannels.TextInputChannel$TextEditState) -> a
    void setPlatformViewClient(int) -> a
    void clearClient() -> b
    void show() -> c
io.flutter.embedding.engine.systemchannels.TextInputChannel$TextInputType -> io.flutter.embedding.engine.i.j$g:
    io.flutter.embedding.engine.systemchannels.TextInputChannel$TextInputType DATETIME -> c
    io.flutter.embedding.engine.systemchannels.TextInputChannel$TextInputType TEXT -> b
    io.flutter.embedding.engine.systemchannels.TextInputChannel$TextInputType PHONE -> e
    io.flutter.embedding.engine.systemchannels.TextInputChannel$TextInputType NUMBER -> d
    java.lang.String encodedName -> a
    io.flutter.embedding.engine.systemchannels.TextInputChannel$TextInputType EMAIL_ADDRESS -> g
    io.flutter.embedding.engine.systemchannels.TextInputChannel$TextInputType MULTILINE -> f
    io.flutter.embedding.engine.systemchannels.TextInputChannel$TextInputType VISIBLE_PASSWORD -> i
    io.flutter.embedding.engine.systemchannels.TextInputChannel$TextInputType URL -> h
    io.flutter.embedding.engine.systemchannels.TextInputChannel$TextInputType[] $VALUES -> j
    io.flutter.embedding.engine.systemchannels.TextInputChannel$TextInputType fromValue(java.lang.String) -> a
io.flutter.plugin.common.BasicMessageChannel -> c.a.b.a.a:
    io.flutter.plugin.common.MessageCodec codec -> c
    io.flutter.plugin.common.BinaryMessenger messenger -> a
    java.lang.String name -> b
    io.flutter.plugin.common.MessageCodec access$200(io.flutter.plugin.common.BasicMessageChannel) -> a
    void send(java.lang.Object) -> a
    void send(java.lang.Object,io.flutter.plugin.common.BasicMessageChannel$Reply) -> a
    void setMessageHandler(io.flutter.plugin.common.BasicMessageChannel$MessageHandler) -> a
    java.lang.String access$300(io.flutter.plugin.common.BasicMessageChannel) -> b
io.flutter.plugin.common.BasicMessageChannel$1 -> c.a.b.a.a$a:
io.flutter.plugin.common.BasicMessageChannel$IncomingMessageHandler -> c.a.b.a.a$b:
    io.flutter.plugin.common.BasicMessageChannel$MessageHandler handler -> a
    io.flutter.plugin.common.BasicMessageChannel this$0 -> b
    void onMessage(java.nio.ByteBuffer,io.flutter.plugin.common.BinaryMessenger$BinaryReply) -> a